<?xml version="1.0" encoding="UTF-8"?>
<!-- Generated by org.testng.reporters.JUnitReportReporter -->
<testsuite hostname="Pankaj" failures="0" tests="1" name="TestCases.VerifySignUp" time="21.658" errors="0" timestamp="2023-02-17T17:02:12 IST" skipped="0">
  <testcase classname="TestCases.VerifySignUp" name="signup" time="21.658"/>
  <system-out/>
</testsuite> <!-- TestCases.VerifySignUp -->
