<?xml version="1.0" encoding="UTF-8"?>
<!-- Generated by org.testng.reporters.JUnitReportReporter -->
<testsuite hostname="Pankaj" failures="0" tests="1" name="TestCases.VerifySignUp" time="18.728" errors="0" timestamp="2023-02-13T21:26:38 IST" skipped="0">
  <testcase classname="TestCases.VerifySignUp" name="signup" time="18.728"/>
  <system-out/>
</testsuite> <!-- TestCases.VerifySignUp -->
