<?xml version="1.0" encoding="UTF-8"?>
<!-- Generated by org.testng.reporters.JUnitReportReporter -->
<testsuite hostname="Pankaj" failures="0" tests="2" name="TestCases.VerifyLogin" time="8.929" errors="0" timestamp="2023-02-13T21:41:00 IST" skipped="0">
  <testcase classname="TestCases.VerifyLogin" name="login" time="5.102"/>
  <system-out/>
  <testcase classname="TestCases.VerifyLogin" name="login" time="3.827"/>
  <system-out/>
</testsuite> <!-- TestCases.VerifyLogin -->
