<?xml version="1.0" encoding="UTF-8"?>
<!-- Generated by org.testng.reporters.JUnitReportReporter -->
<testsuite hostname="Pankaj" failures="0" tests="1" name="TestCases.VerifySignUp" time="23.714" errors="0" timestamp="2023-02-17T16:58:26 IST" skipped="0">
  <testcase classname="TestCases.VerifySignUp" name="signup" time="23.714"/>
  <system-out/>
</testsuite> <!-- TestCases.VerifySignUp -->
